building file list ... done
deleting Jeff/.Trash/requirements.txt.bkp
deleting Jeff/.Trash/.password.txt
Jeff/
Jeff/.viminfo
Jeff/.Trash/
Jeff/.dropbox/instance1/
Jeff/.dropbox/instance1/config.dbx
Jeff/.dropbox/instance1/contacts_polaris.db
Jeff/.dropbox/instance1/sync_history.db
Jeff/.dropbox/instance1/sync/nucleus.sqlite3-wal
Jeff/.dropbox/logs/1/
Jeff/.dropbox/metrics/store.bin
Jeff/.pyenv/shims/
Jeff/.pyenv/shims/activate
Jeff/.pyenv/shims/activate.csh
Jeff/.pyenv/shims/activate.fish
Jeff/.pyenv/versions/3.6.10/bin/easy_install-3.6
Jeff/.pyenv/versions/3.6.10/bin/python3.6
Jeff/.pyenv/versions/3.6.10/bin/python3.6m-config
Jeff/.pyenv/versions/3.6.10/lib/pkgconfig/python-3.6.pc
Jeff/.pyenv/versions/3.7.7/bin/easy_install-3.7
Jeff/.pyenv/versions/3.7.7/bin/python3.7
Jeff/.pyenv/versions/3.7.7/bin/python3.7m-config
Jeff/.pyenv/versions/3.7.7/lib/pkgconfig/python-3.7.pc
Jeff/.pyenv/versions/3.8.2/bin/easy_install-3.8
Jeff/.pyenv/versions/3.8.2/bin/python3.8
Jeff/.pyenv/versions/3.8.2/bin/python3.8-config
Jeff/.pyenv/versions/3.8.2/lib/pkgconfig/python-3.8-embed.pc
Jeff/.pyenv/versions/3.8.2/lib/pkgconfig/python-3.8.pc
Jeff/Devl/Synctify/local/log/Synctify.err
Jeff/Devl/Synctify/local/log/Synctify.out
Jeff/Devl/Synctify/local/log/synctify.log
Jeff/Devl/Synctify/local/python/synctify.py
Jeff/Devl/TRO_1/Makefile
Jeff/Devl/trorpts/Makefile
Jeff/Dropbox/.dropbox.cache/new_files/
Jeff/Dropbox/.dropbox.cache/old_files/
Jeff/Pictures/Photos Library.photoslibrary/database/Photos.sqlite
Jeff/Pictures/Photos Library.photoslibrary/database/Photos.sqlite-wal
Jeff/Pictures/Photos Library.photoslibrary/database/search/
Jeff/Pictures/Photos Library.photoslibrary/database/search/graphDataProgress.plist
Jeff/Pictures/Photos Library.photoslibrary/database/search/psi.sqlite
Jeff/Pictures/Photos Library.photoslibrary/database/search/psi.sqlite-shm
Jeff/Pictures/Photos Library.photoslibrary/database/search/psi.sqlite-wal
Jeff/Pictures/Photos Library.photoslibrary/database/search/searchProgress.plist
Jeff/Pictures/Photos Library.photoslibrary/database/search/searchSystemInfo.plist
Jeff/Pictures/Photos Library.photoslibrary/database/search/synonymsProcess.plist
Jeff/Pictures/Photos Library.photoslibrary/database/search/zeroKeywords.data
Jeff/Pictures/Photos Library.photoslibrary/private/com.apple.mediaanalysisd/MediaAnalysis/mediaanalysis.db
Jeff/Pictures/Photos Library.photoslibrary/private/com.apple.mediaanalysisd/MediaAnalysis/mediaanalysis.db-shm
Jeff/Pictures/Photos Library.photoslibrary/private/com.apple.mediaanalysisd/MediaAnalysis/mediaanalysis.db-wal
Jeff/Pictures/Photos Library.photoslibrary/private/com.apple.photoanalysisd/caches/graph/
Jeff/Pictures/Photos Library.photoslibrary/private/com.apple.photoanalysisd/caches/graph/CLSBusinessCategoryCache.AOI.sqlite-shm
Jeff/Pictures/Photos Library.photoslibrary/private/com.apple.photoanalysisd/caches/graph/CLSBusinessCategoryCache.Nature.sqlite-shm
Jeff/Pictures/Photos Library.photoslibrary/private/com.apple.photoanalysisd/caches/graph/CLSBusinessCategoryCache.POI.sqlite-shm
Jeff/Pictures/Photos Library.photoslibrary/private/com.apple.photoanalysisd/caches/graph/CLSBusinessCategoryCache.ROI.sqlite-shm
Jeff/Pictures/Photos Library.photoslibrary/private/com.apple.photoanalysisd/caches/graph/CLSLocationCache.sqlite-shm
Jeff/Pictures/Photos Library.photoslibrary/private/com.apple.photoanalysisd/caches/graph/CLSPublicEventCache.sqlite-shm
Jeff/Pictures/Photos Library.photoslibrary/private/com.apple.photoanalysisd/caches/graph/PGCurationCache.sqlite.sqlite-shm
Jeff/Pictures/Photos Library.photoslibrary/private/com.apple.photoanalysisd/caches/graph/PGSearchComputationCache.plist
Jeff/Pictures/Photos Library.photoslibrary/private/com.apple.photoanalysisd/caches/graph/PhotoAnalysisServicePreferences.plist
Jeff/Pictures/Photos Library.photoslibrary/private/com.apple.photoanalysisd/caches/graph/changetoken.plist
Jeff/Pictures/Photos Library.photoslibrary/private/com.apple.photoanalysisd/caches/graph/PhotosGraph/
Jeff/Pictures/Photos Library.photoslibrary/private/com.apple.photoanalysisd/caches/graph/PhotosGraph/photosgraph.kgdb-shm
Jeff/Pictures/Photos Library.photoslibrary/private/com.apple.photoanalysisd/caches/vision/clustererState.plist
Jeff/Pictures/Photos Library.photoslibrary/private/com.apple.photolibraryd/caches/clientservertransaction/
Jeff/Pictures/Photos Library.photoslibrary/resources/journals/
Jeff/Pictures/Photos Library.photoslibrary/resources/journals/HistoryToken.plist
Jeff/Pictures/iPhoto Library.migratedphotolibrary/Database/apdb/BigBlobs.apdb
Jeff/Pictures/iPhoto Library.migratedphotolibrary/Database/apdb/Faces.db
Jeff/Pictures/iPhoto Library.migratedphotolibrary/Database/apdb/History.apdb
Jeff/Pictures/iPhoto Library.migratedphotolibrary/Database/apdb/ImageProxies.apdb
Jeff/Pictures/iPhoto Library.migratedphotolibrary/Database/apdb/Library.apdb
Jeff/Pictures/iPhoto Library.migratedphotolibrary/Database/apdb/Properties.apdb

sent 125844425 bytes  received 1412 bytes  193460.16 bytes/sec
total size is 89909401572  speedup is 714.44
